TN:
SF:src/http/controllers/actionController.ts
FN:6,listActions
FNF:1
FNH:1
FNDA:1,listActions
DA:2,1
DA:3,1
DA:6,1
DA:7,1
DA:8,1
DA:9,1
DA:10,1
DA:11,1
DA:13,0
DA:14,0
LF:10
LH:8
BRF:0
BRH:0
end_of_record
TN:
SF:src/http/controllers/collaboratorController.ts
FN:6,listCollaborators
FNF:1
FNH:1
FNDA:1,listCollaborators
DA:2,1
DA:3,1
DA:6,1
DA:7,1
DA:8,1
DA:9,1
DA:10,1
DA:11,1
DA:13,0
DA:14,0
LF:10
LH:8
BRF:0
BRH:0
end_of_record
TN:
SF:src/http/controllers/journeyController.ts
FN:13,createJourney
FN:34,listJourneys
FNF:2
FNH:2
FNDA:1,createJourney
FNDA:1,listJourneys
DA:2,1
DA:3,1
DA:4,1
DA:6,1
DA:13,1
DA:15,1
DA:16,1
DA:17,0
DA:20,1
DA:22,1
DA:23,1
DA:24,1
DA:25,1
DA:27,0
DA:28,0
DA:31,1
DA:34,1
DA:35,1
DA:36,1
DA:37,1
DA:38,1
DA:39,1
DA:41,0
DA:42,0
LF:24
LH:19
BRDA:16,0,0,0
BRF:1
BRH:0
end_of_record
TN:
SF:src/http/controllers/userController.ts
FN:12,login
FNF:1
FNH:1
FNDA:4,login
DA:2,1
DA:3,1
DA:4,1
DA:5,1
DA:7,1
DA:12,1
DA:14,4
DA:15,4
DA:16,1
DA:19,3
DA:21,3
DA:23,3
DA:24,3
DA:25,3
DA:26,3
DA:28,2
DA:29,1
DA:32,1
DA:35,1
LF:19
LH:19
BRDA:15,0,0,1
BRDA:28,1,0,1
BRF:2
BRH:2
end_of_record
TN:
SF:src/jwt/jwt.ts
FN:4,verifyToken
FN:13,generateToken
FNF:2
FNH:0
FNDA:0,verifyToken
FNDA:0,generateToken
DA:2,1
DA:3,1
DA:4,1
DA:5,0
DA:6,0
DA:8,0
DA:9,0
DA:13,1
DA:14,0
LF:9
LH:4
BRDA:6,0,0,0
BRDA:6,0,1,0
BRDA:14,1,0,0
BRDA:14,1,1,0
BRF:4
BRH:0
end_of_record
TN:
SF:src/lib/prisma.ts
FNF:0
FNH:0
DA:1,1
DA:2,1
DA:4,1
LF:3
LH:3
BRDA:5,0,0,0
BRDA:5,0,1,1
BRF:2
BRH:1
end_of_record
TN:
SF:src/repositories/prisma/prisma-users-repository.ts
FN:6,(anonymous_0)
FNF:1
FNH:0
FNDA:0,(anonymous_0)
DA:1,1
DA:4,1
DA:7,0
DA:13,0
LF:4
LH:2
BRF:0
BRH:0
end_of_record
TN:
SF:src/use-cases/Action.ts
FN:5,(anonymous_0)
FN:7,(anonymous_1)
FNF:2
FNH:2
FNDA:1,(anonymous_0)
FNDA:1,(anonymous_1)
DA:4,1
DA:5,1
DA:8,1
LF:3
LH:3
BRF:0
BRH:0
end_of_record
TN:
SF:src/use-cases/Collaborator.ts
FN:5,(anonymous_0)
FN:7,(anonymous_1)
FNF:2
FNH:2
FNDA:1,(anonymous_0)
FNDA:1,(anonymous_1)
DA:4,1
DA:5,1
DA:8,1
LF:3
LH:3
BRF:0
BRH:0
end_of_record
TN:
SF:src/use-cases/Journey.ts
FN:9,(anonymous_1)
FN:11,(anonymous_2)
FN:16,(anonymous_3)
FN:30,(anonymous_4)
FN:47,(anonymous_5)
FN:54,(anonymous_6)
FNF:6
FNH:0
FNDA:0,(anonymous_1)
FNDA:0,(anonymous_2)
FNDA:0,(anonymous_3)
FNDA:0,(anonymous_4)
FNDA:0,(anonymous_5)
FNDA:0,(anonymous_6)
DA:2,1
DA:5,1
DA:7,0
DA:9,0
DA:11,0
DA:12,0
DA:13,0
DA:16,0
DA:17,0
DA:18,0
DA:19,0
DA:20,0
DA:21,0
DA:22,0
DA:23,0
DA:25,0
DA:27,0
DA:32,0
DA:34,0
DA:36,0
DA:38,0
DA:47,0
DA:48,0
DA:51,0
DA:55,0
LF:25
LH:2
BRF:0
BRH:0
end_of_record
TN:
SF:src/use-cases/User.ts
FN:13,(anonymous_0)
FN:18,(anonymous_1)
FN:19,(anonymous_2)
FNF:3
FNH:1
FNDA:0,(anonymous_0)
FNDA:3,(anonymous_1)
FNDA:0,(anonymous_2)
DA:2,1
DA:3,1
DA:4,1
DA:13,1
DA:14,0
DA:17,1
DA:18,3
DA:21,0
DA:23,0
DA:24,0
DA:25,0
DA:28,0
DA:30,0
LF:13
LH:6
BRDA:14,0,0,0
BRDA:14,0,1,0
BRDA:24,1,0,0
BRDA:24,2,0,0
BRDA:24,2,1,0
BRF:5
BRH:0
end_of_record
TN:
SF:src/use-cases/errors/login-error.ts
FN:3,(anonymous_0)
FNF:1
FNH:1
FNDA:1,(anonymous_0)
DA:2,1
DA:4,1
LF:2
LH:2
BRF:0
BRH:0
end_of_record
